<?xml version="1.0" encoding="UTF-8"?>
<!-- Generated by org.testng.reporters.JUnitReportReporter -->
<testsuite name="mobile.Github" tests="1" time="0.070" ignored="0" failures="0" timestamp="02 Sep 2020 12:50:35 GMT" skipped="0" hostname="DESKTOP-U52CDKB" errors="0">
  <testcase name="github" time="0.070" classname="mobile.Github"/>
</testsuite> <!-- mobile.Github -->
