<?xml version="1.0" encoding="UTF-8"?>
<!-- Generated by org.testng.reporters.JUnitReportReporter -->
<testsuite name="mobile.Amazon" tests="3" time="123.046" ignored="0" failures="0" timestamp="04 Sep 2020 05:40:34 GMT" skipped="0" hostname="DESKTOP-U52CDKB" errors="0">
  <testcase name="performOrientation" time="11.893" classname="mobile.Amazon"/>
  <testcase name="testApp1" time="79.041" classname="mobile.Amazon"/>
  <testcase name="login" time="32.112" classname="mobile.Amazon"/>
</testsuite> <!-- mobile.Amazon -->
